<2024-10-27 00:28:54> - Error: Unable to access jarfile .\bin\psp\materiales-0.1_divisores-1.jar
<2024-10-27 00:38:03> - java.lang.NumberFormatException: For input string: "qwe 123123"
<2024-10-27 00:38:03> - 	at java.base/java.lang.NumberFormatException.forInputString(NumberFormatException.java:67)
<2024-10-27 00:38:03> - 	at java.base/java.lang.Integer.parseInt(Integer.java:662)
<2024-10-27 00:38:03> - 	at java.base/java.lang.Integer.parseInt(Integer.java:778)
<2024-10-27 00:38:03> - 	at psp.ejercicios.media.Main.main(Main.java:32)
<2024-10-27 00:38:03> - java.lang.NumberFormatException: For input string: "qwe12312"
<2024-10-27 00:38:03> - 	at java.base/java.lang.NumberFormatException.forInputString(NumberFormatException.java:67)
<2024-10-27 00:38:03> - 	at java.base/java.lang.Integer.parseInt(Integer.java:662)
<2024-10-27 00:38:03> - 	at java.base/java.lang.Integer.parseInt(Integer.java:778)
<2024-10-27 00:38:03> - 	at psp.ejercicios.media.Main.main(Main.java:32)
<2024-11-04 20:47:07> - java.lang.NumberFormatException: For input string: "fewq123"
<2024-11-04 20:47:07> - 	at java.base/java.lang.NumberFormatException.forInputString(NumberFormatException.java:67)
<2024-11-04 20:47:07> - 	at java.base/java.lang.Integer.parseInt(Integer.java:662)
<2024-11-04 20:47:07> - 	at java.base/java.lang.Integer.parseInt(Integer.java:778)
<2024-11-04 20:47:07> - 	at psp.ejercicios.media.Main.main(Main.java:32)
<2024-11-04 20:47:07> - java.lang.NumberFormatException: For input string: "423 sdfgd"
<2024-11-04 20:47:07> - 	at java.base/java.lang.NumberFormatException.forInputString(NumberFormatException.java:67)
<2024-11-04 20:47:07> - 	at java.base/java.lang.Integer.parseInt(Integer.java:662)
<2024-11-04 20:47:07> - 	at java.base/java.lang.Integer.parseInt(Integer.java:778)
<2024-11-04 20:47:07> - 	at psp.ejercicios.media.Main.main(Main.java:32)
<2024-11-04 20:47:07> - java.lang.NumberFormatException: For input string: "0 aoskda"
<2024-11-04 20:47:07> - 	at java.base/java.lang.NumberFormatException.forInputString(NumberFormatException.java:67)
<2024-11-04 20:47:07> - 	at java.base/java.lang.Integer.parseInt(Integer.java:662)
<2024-11-04 20:47:07> - 	at java.base/java.lang.Integer.parseInt(Integer.java:778)
<2024-11-04 20:47:07> - 	at psp.ejercicios.media.Main.main(Main.java:32)
<2024-11-04 20:47:07> - java.lang.NumberFormatException: For input string: "asdjias 0"
<2024-11-04 20:47:07> - 	at java.base/java.lang.NumberFormatException.forInputString(NumberFormatException.java:67)
<2024-11-04 20:47:07> - 	at java.base/java.lang.Integer.parseInt(Integer.java:662)
<2024-11-04 20:47:07> - 	at java.base/java.lang.Integer.parseInt(Integer.java:778)
<2024-11-04 20:47:07> - 	at psp.ejercicios.media.Main.main(Main.java:32)
<2024-11-05 19:56:56> - java.lang.NumberFormatException: For input string: "asdfwe 1234"
<2024-11-05 19:56:57> - 	at java.base/java.lang.NumberFormatException.forInputString(NumberFormatException.java:67)
<2024-11-05 19:56:57> - 	at java.base/java.lang.Integer.parseInt(Integer.java:662)
<2024-11-05 19:56:57> - 	at java.base/java.lang.Integer.parseInt(Integer.java:778)
<2024-11-05 19:56:57> - 	at psp.ejercicios.extremos.Main.main(Main.java:33)
<2024-11-05 19:56:57> - java.lang.NumberFormatException: For input string: "0 12341234"
<2024-11-05 19:56:57> - 	at java.base/java.lang.NumberFormatException.forInputString(NumberFormatException.java:67)
<2024-11-05 19:56:57> - 	at java.base/java.lang.Integer.parseInt(Integer.java:662)
<2024-11-05 19:56:57> - 	at java.base/java.lang.Integer.parseInt(Integer.java:778)
<2024-11-05 19:56:57> - 	at psp.ejercicios.extremos.Main.main(Main.java:33)
